/home/javi/.credentials/calendar-nodejs-quickstart.json
pageToken: EjYKK2Vuc3Eyc25mb3ZlMTRyZ2ttZXNzajNxaDJjXzIwMTcxMTE3VDA5MDAwMFoYgJDs5azF1wI= - syncToken: undefined
Upcoming 10 events
GloMo Daily Meeting - ensq2snfove14rgkmessj3qh2c_20171106T090000Z
GloMo Daily Meeting - ensq2snfove14rgkmessj3qh2c_20171107T090000Z
GloMo Daily Meeting - ensq2snfove14rgkmessj3qh2c_20171108T090000Z
GloMo Daily Meeting - ensq2snfove14rgkmessj3qh2c_20171109T090000Z
GloMo Daily Meeting - ensq2snfove14rgkmessj3qh2c_20171110T090000Z
GloMo Daily Meeting - ensq2snfove14rgkmessj3qh2c_20171113T090000Z
GloMo Daily Meeting - ensq2snfove14rgkmessj3qh2c_20171114T090000Z
GloMo Daily Meeting - ensq2snfove14rgkmessj3qh2c_20171115T090000Z
GloMo Daily Meeting - ensq2snfove14rgkmessj3qh2c_20171116T090000Z
GloMo Daily Meeting - ensq2snfove14rgkmessj3qh2c_20171117T090000Z
Error deleting: Error: Resource has been deleted
/home/javi/.credentials/calendar-nodejs-quickstart.json
pageToken: EjYKK2Vuc3Eyc25mb3ZlMTRyZ2ttZXNzajNxaDJjXzIwMTcxMTE3VDA5MDAwMFoYgJDs5azF1wI= - syncToken: undefined
Upcoming 10 events
GloMo Daily Meeting - ensq2snfove14rgkmessj3qh2c_20171106T090000Z
GloMo Daily Meeting - ensq2snfove14rgkmessj3qh2c_20171107T090000Z
GloMo Daily Meeting - ensq2snfove14rgkmessj3qh2c_20171108T090000Z
GloMo Daily Meeting - ensq2snfove14rgkmessj3qh2c_20171109T090000Z
GloMo Daily Meeting - ensq2snfove14rgkmessj3qh2c_20171110T090000Z
GloMo Daily Meeting - ensq2snfove14rgkmessj3qh2c_20171113T090000Z
GloMo Daily Meeting - ensq2snfove14rgkmessj3qh2c_20171114T090000Z
GloMo Daily Meeting - ensq2snfove14rgkmessj3qh2c_20171115T090000Z
GloMo Daily Meeting - ensq2snfove14rgkmessj3qh2c_20171116T090000Z
GloMo Daily Meeting - ensq2snfove14rgkmessj3qh2c_20171117T090000Z
Error deleting: Error: Resource has been deleted
Error deleting: Error: Resource has been deleted
Error deleting: Error: Resource has been deleted
Error deleting: Error: Resource has been deleted
Error deleting: Error: Resource has been deleted
Error deleting: Error: Resource has been deleted
Error deleting: Error: Resource has been deleted
Error deleting: Error: Resource has been deleted
Error deleting: Error: Resource has been deleted
Error deleting: Error: Resource has been deleted
/home/javi/.credentials/calendar-nodejs-quickstart.json
pageToken: EjYKK2Vuc3Eyc25mb3ZlMTRyZ2ttZXNzajNxaDJjXzIwMTcxMTE3VDA5MDAwMFoYgJDs5azF1wI= - syncToken: undefined
Upcoming 10 events
GloMo Daily Meeting - ensq2snfove14rgkmessj3qh2c_20171106T090000Z
GloMo Daily Meeting - ensq2snfove14rgkmessj3qh2c_20171107T090000Z
GloMo Daily Meeting - ensq2snfove14rgkmessj3qh2c_20171108T090000Z
GloMo Daily Meeting - ensq2snfove14rgkmessj3qh2c_20171109T090000Z
GloMo Daily Meeting - ensq2snfove14rgkmessj3qh2c_20171110T090000Z
GloMo Daily Meeting - ensq2snfove14rgkmessj3qh2c_20171113T090000Z
GloMo Daily Meeting - ensq2snfove14rgkmessj3qh2c_20171114T090000Z
GloMo Daily Meeting - ensq2snfove14rgkmessj3qh2c_20171115T090000Z
GloMo Daily Meeting - ensq2snfove14rgkmessj3qh2c_20171116T090000Z
GloMo Daily Meeting - ensq2snfove14rgkmessj3qh2c_20171117T090000Z
Error deleting: Error: Resource has been deleted
Error deleting: Error: Resource has been deleted
Error deleting: Error: Resource has been deleted
Error deleting: Error: Resource has been deleted
Error deleting: Error: Resource has been deleted
Error deleting: Error: Resource has been deleted
Error deleting: Error: Resource has been deleted
Error deleting: Error: Resource has been deleted
Error deleting: Error: Resource has been deleted
Error deleting: Error: Resource has been deleted
/home/javi/.credentials/calendar-nodejs-quickstart.json
pageToken: EjYKK2Vuc3Eyc25mb3ZlMTRyZ2ttZXNzajNxaDJjXzIwMTcxMjAxVDA5MDAwMFoYgJCJ9Mbo1wI= - syncToken: undefined
Upcoming 10 events
GloMo Daily Meeting - ensq2snfove14rgkmessj3qh2c_20171120T090000Z
GloMo Daily Meeting - ensq2snfove14rgkmessj3qh2c_20171121T090000Z
GloMo Daily Meeting - ensq2snfove14rgkmessj3qh2c_20171122T090000Z
GloMo Daily Meeting - ensq2snfove14rgkmessj3qh2c_20171123T090000Z
GloMo Daily Meeting - ensq2snfove14rgkmessj3qh2c_20171124T090000Z
GloMo Daily Meeting - ensq2snfove14rgkmessj3qh2c_20171127T090000Z
GloMo Daily Meeting - ensq2snfove14rgkmessj3qh2c_20171128T090000Z
GloMo Daily Meeting - ensq2snfove14rgkmessj3qh2c_20171129T090000Z
GloMo Daily Meeting - ensq2snfove14rgkmessj3qh2c_20171130T090000Z
GloMo Daily Meeting - ensq2snfove14rgkmessj3qh2c_20171201T090000Z
Error deleting: Error: Resource has been deleted
Error deleting: Error: Resource has been deleted
Error deleting: Error: Resource has been deleted
Error deleting: Error: Resource has been deleted
Error deleting: Error: Resource has been deleted
Error deleting: Error: Resource has been deleted
Error deleting: Error: Resource has been deleted
Error deleting: Error: Resource has been deleted
Error deleting: Error: Resource has been deleted
Error deleting: Error: Resource has been deleted
